  Hero.cpp
D:\studia\studia\semestr 5\proj_graf\projekty\projgraf\Project1\Hero.cpp(24,32): warning C4244: "argument": konwersja z "double" do "T", możliwa utrata danych
          with
          [
              T=float
          ]
D:\studia\studia\semestr 5\proj_graf\projekty\projgraf\Project1\Hero.cpp(24,29): warning C4244: "argument": konwersja z "double" do "T", możliwa utrata danych
          with
          [
              T=float
          ]
D:\studia\studia\semestr 5\proj_graf\projekty\projgraf\Project1\Hero.cpp(25,32): warning C4244: "argument": konwersja z "int" do "T", możliwa utrata danych
          with
          [
              T=float
          ]
D:\studia\studia\semestr 5\proj_graf\projekty\projgraf\Project1\Hero.cpp(25,25): warning C4244: "argument": konwersja z "int" do "T", możliwa utrata danych
          with
          [
              T=float
          ]
D:\studia\studia\semestr 5\proj_graf\projekty\projgraf\Project1\Hero.cpp(51,23): warning C4244: "argument": konwersja z "double" do "float", możliwa utrata danych
D:\studia\studia\semestr 5\proj_graf\projekty\projgraf\Project1\Hero.cpp(51,20): warning C4244: "argument": konwersja z "double" do "float", możliwa utrata danych
  Project1.vcxproj -> D:\studia\studia\semestr 5\proj_graf\projekty\projgraf\Project1\x64\Debug\Project1.exe
